example/build/app/intermediates/manifest_merge_blame_file/debug/manifest-merger-blame-debug-report.txt
1<?xml version="1.0" encoding="utf-8"?>
2<manifest xmlns:android="http://schemas.android.com/apk/res/android"
3    package="com.pauldemarco.flutter_blue_example"
4    android:versionCode="1"
5    android:versionName="1.0" >
6
7    <uses-sdk
8        android:minSdkVersion="21"
9        android:targetSdkVersion="29" />
10    <!--
11         Flutter needs it to communicate with the running application
12         to allow setting breakpoints, to provide hot reload, etc.
13    -->
14    <uses-permission android:name="android.permission.INTERNET" />
14-->src\debug\AndroidManifest.xml:6:5-66
14-->src\debug\AndroidManifest.xml:6:22-64
15    <uses-permission android:name="android.permission.BLUETOOTH" />
15-->[:flutter_blue] AndroidManifest.xml:7:5-68
15-->[:flutter_blue] AndroidManifest.xml:7:22-65
16    <uses-permission android:name="android.permission.BLUETOOTH_ADMIN" />
16-->[:flutter_blue] AndroidManifest.xml:8:5-74
16-->[:flutter_blue] AndroidManifest.xml:8:22-71
17    <uses-permission android:name="android.permission.ACCESS_FINE_LOCATION" />
17-->[:flutter_blue] AndroidManifest.xml:9:5-79
17-->[:flutter_blue] AndroidManifest.xml:9:22-76
18    <!--
19 io.flutter.app.FlutterApplication is an android.app.Application that
20         calls FlutterMain.startInitialization(this); in its onCreate method.
21         In most cases you can leave this as-is, but you if you want to provide
22         additional functionality it is fine to subclass or reimplement
23         FlutterApplication and put your custom class here.
24    -->
25    <application
25-->src\main\AndroidManifest.xml:8:5-39:19
26        android:name="io.flutter.app.FlutterApplication"
26-->src\main\AndroidManifest.xml:9:9-57
27        android:appComponentFactory="androidx.core.app.CoreComponentFactory"
27-->[androidx.core:core:1.2.0] AndroidManifest.xml:24:18-86
28        android:debuggable="true"
29        android:icon="@mipmap/ic_launcher"
29-->src\main\AndroidManifest.xml:11:9-43
30        android:label="flutter_blue_example" >
30-->src\main\AndroidManifest.xml:10:9-45
31        <activity
31-->src\main\AndroidManifest.xml:12:9-30:20
32            android:name="io.flutter.embedding.android.FlutterActivity"
32-->src\main\AndroidManifest.xml:13:13-72
33            android:configChanges="orientation|keyboardHidden|keyboard|screenSize|locale|layoutDirection|fontScale|screenLayout|density|uiMode"
33-->src\main\AndroidManifest.xml:16:13-144
34            android:hardwareAccelerated="true"
34-->src\main\AndroidManifest.xml:17:13-47
35            android:launchMode="singleTop"
35-->src\main\AndroidManifest.xml:14:13-43
36            android:theme="@style/LaunchTheme"
36-->src\main\AndroidManifest.xml:15:13-47
37            android:windowSoftInputMode="adjustResize" >
37-->src\main\AndroidManifest.xml:18:13-55
38
39            <!--
40                 This keeps the window background of the activity showing
41                 until Flutter renders its first frame. It can be removed if
42                 there is no splash screen (such as the default splash screen
43                 defined in @style/LaunchTheme).
44            -->
45            <meta-data
45-->src\main\AndroidManifest.xml:23:13-25:40
46                android:name="io.flutter.app.android.SplashScreenUntilFirstFrame"
46-->src\main\AndroidManifest.xml:24:17-82
47                android:value="true" />
47-->src\main\AndroidManifest.xml:25:17-37
48
49            <intent-filter>
49-->src\main\AndroidManifest.xml:26:13-29:29
50                <action android:name="android.intent.action.MAIN" />
50-->src\main\AndroidManifest.xml:27:17-68
50-->src\main\AndroidManifest.xml:27:25-66
51
52                <category android:name="android.intent.category.LAUNCHER" />
52-->src\main\AndroidManifest.xml:28:17-76
52-->src\main\AndroidManifest.xml:28:27-74
53            </intent-filter>
54        </activity>
55        <activity
55-->src\main\AndroidManifest.xml:31:9-37:20
56            android:name="com.pauldemarco.flutter_blue_example.EmbeddingV1Activity"
56-->src\main\AndroidManifest.xml:32:13-48
57            android:configChanges="orientation|keyboardHidden|keyboard|screenSize|locale|layoutDirection"
57-->src\main\AndroidManifest.xml:34:13-106
58            android:hardwareAccelerated="true"
58-->src\main\AndroidManifest.xml:35:13-47
59            android:theme="@android:style/Theme.Black.NoTitleBar"
59-->src\main\AndroidManifest.xml:33:13-66
60            android:windowSoftInputMode="adjustResize" >
60-->src\main\AndroidManifest.xml:36:13-55
61        </activity>
62
63        <meta-data
63-->src\main\AndroidManifest.xml:38:9-71
64            android:name="flutterEmbedding"
64-->src\main\AndroidManifest.xml:38:20-51
65            android:value="2" />
65-->src\main\AndroidManifest.xml:38:52-69
66    </application>
67
68</manifest>